2024-11-27 12:14:50.353 | INFO     | __main__:run:133 - Bot started
2024-11-27 12:14:54.819 | INFO     | __main__:send_welcome:55 - Welcome message sent to user 5789133679
2024-11-27 12:16:50.540 | INFO     | __main__:send_help:80 - Help message sent to user 5789133679
2024-11-27 12:17:03.603 | INFO     | __main__:send_contacts:99 - Contacts sent to user 5789133679
2024-11-27 12:17:08.074 | INFO     | __main__:send_welcome:55 - Welcome message sent to user 301906330
2024-11-27 12:22:06.449 | INFO     | __main__:send_welcome:55 - Welcome message sent to user 5789133679
2024-11-27 13:07:06.881 | INFO     | __main__:send_welcome:55 - Welcome message sent to user 5789133679
2024-11-27 13:44:11.952 | INFO     | __main__:send_welcome:55 - Welcome message sent to user 5789133679
2024-11-27 15:17:53.106 | ERROR    | __main__:run:136 - Bot crashed: HTTPSConnectionPool(host='api.telegram.org', port=443): Read timed out. (read timeout=25)
2024-11-27 15:17:58.120 | INFO     | __main__:run:133 - Bot started
2024-11-27 16:13:39.902 | INFO     | __main__:send_welcome:55 - Welcome message sent to user 1116708486
2024-11-27 16:26:52.491 | INFO     | __main__:send_welcome:55 - Welcome message sent to user 1116708486
2024-11-27 16:34:42.367 | ERROR    | __main__:run:136 - Bot crashed: HTTPSConnectionPool(host='api.telegram.org', port=443): Read timed out. (read timeout=25)
2024-11-27 16:34:47.374 | INFO     | __main__:run:133 - Bot started
2024-11-27 16:54:14.968 | ERROR    | __main__:run:136 - Bot crashed: HTTPSConnectionPool(host='api.telegram.org', port=443): Read timed out. (read timeout=25)
2024-11-27 16:54:19.989 | INFO     | __main__:run:133 - Bot started
2024-11-27 17:16:17.762 | INFO     | __main__:send_welcome:55 - Welcome message sent to user 5789133679
2024-11-27 17:16:28.640 | INFO     | __main__:send_help:80 - Help message sent to user 5789133679
2024-11-27 17:16:39.930 | INFO     | __main__:send_contacts:99 - Contacts sent to user 5789133679
2024-11-27 17:41:26.981 | INFO     | __main__:send_welcome:55 - Welcome message sent to user 5789133679
2024-11-27 17:47:58.928 | INFO     | __main__:run:133 - Bot started
2024-11-27 17:48:05.088 | INFO     | __main__:run:133 - Bot started
2024-11-27 17:48:08.362 | INFO     | __main__:run:133 - Bot started
2024-11-28 13:37:02.638 | INFO     | __main__:run:133 - Bot started
2024-11-28 13:37:07.078 | INFO     | __main__:send_welcome:55 - Welcome message sent to user 5789133679
2024-11-28 13:37:07.109 | INFO     | __main__:send_help:80 - Help message sent to user 5789133679
2024-11-28 13:38:02.770 | INFO     | __main__:run:133 - Bot started
2024-11-28 13:39:06.982 | INFO     | __main__:run:132 - Бот запущен
2024-11-28 13:39:26.928 | INFO     | __main__:send_welcome:55 - Welcome message sent to user 5789133679
2024-11-28 13:39:30.512 | INFO     | __main__:send_help:80 - Help message sent to user 5789133679
2024-11-28 13:39:32.601 | INFO     | __main__:send_contacts:99 - Contacts sent to user 5789133679
2024-11-28 13:44:30.154 | INFO     | __main__:run:135 - Бот запущен
2024-11-28 13:44:40.457 | ERROR    | __main__:send_welcome:60 - Error in send_welcome: [Errno 2] No such file or directory: '/img/logo.png'
2024-11-28 13:45:20.130 | INFO     | __main__:run:135 - Бот запущен
2024-11-28 13:45:25.394 | INFO     | __main__:send_welcome:58 - Welcome message with logo sent to user 5789133679
2024-11-28 14:02:24.397 | INFO     | __main__:run:218 - Бот запущен
2024-11-28 14:02:57.384 | INFO     | __main__:send_welcome:106 - Welcome message with logo sent to user 5789133679
2024-11-28 14:16:13.585 | INFO     | __main__:send_welcome:106 - Welcome message with logo sent to user 5789133679
2024-11-28 14:21:48.720 | INFO     | __main__:send_welcome:106 - Welcome message with logo sent to user 6171994810
2024-11-28 14:30:03.036 | INFO     | __main__:channel_button:211 - Channel link sent to user 5789133679
2024-11-28 14:30:09.350 | INFO     | __main__:channel_button:211 - Channel link sent to user 5789133679
2024-11-28 14:31:47.904 | INFO     | __main__:run:225 - Бот запущен
2024-11-28 14:31:57.976 | INFO     | __main__:send_welcome:105 - Welcome message with logo sent to user 5789133679
2024-11-28 14:32:01.493 | INFO     | __main__:group_button:202 - Group link sent to user 5789133679
2024-11-28 14:32:06.594 | INFO     | __main__:channel_button:218 - Channel link sent to user 5789133679
2024-11-28 14:32:12.425 | INFO     | __main__:send_help:130 - Help message sent to user 5789133679
2024-11-28 14:32:15.067 | INFO     | __main__:send_contacts:149 - Contacts sent to user 5789133679
2024-11-28 14:40:09.635 | INFO     | __main__:run:225 - Бот запущен
2024-11-28 14:41:06.376 | INFO     | __main__:send_welcome:105 - Welcome message with logo sent to user 5789133679
2024-11-28 14:41:26.639 | INFO     | __main__:send_help:130 - Help message sent to user 5789133679
2024-11-28 14:41:38.709 | INFO     | __main__:group_button:202 - Group link sent to user 5789133679
2024-11-28 14:41:45.844 | INFO     | __main__:channel_button:218 - Channel link sent to user 5789133679
2024-11-28 14:41:52.376 | ERROR    | __main__:send_contacts:151 - Error in send_contacts: A request to the Telegram API was unsuccessful. Error code: 400. Description: Bad Request: can't parse entities: Character '.' is reserved and must be escaped with the preceding '\'
2024-11-28 14:43:03.485 | INFO     | __main__:run:226 - Бот запущен
2024-11-28 14:43:10.494 | INFO     | __main__:send_welcome:105 - Welcome message with logo sent to user 5789133679
2024-11-28 14:43:13.910 | INFO     | __main__:send_contacts:150 - Contacts sent to user 5789133679
2024-11-28 14:45:16.802 | INFO     | __main__:run:228 - Бот запущен
2024-11-28 14:45:25.963 | INFO     | __main__:send_welcome:105 - Welcome message with logo sent to user 5789133679
2024-11-28 14:45:28.404 | INFO     | __main__:send_contacts:152 - Contacts sent to user 5789133679
2024-11-28 14:47:32.575 | INFO     | __main__:group_button:205 - Group link sent to user 5789133679
2024-11-28 14:47:37.182 | INFO     | __main__:channel_button:221 - Channel link sent to user 5789133679
2024-11-28 14:54:47.359 | INFO     | __main__:run:235 - Бот запущен
2024-11-28 14:54:55.820 | INFO     | __main__:send_welcome:112 - Welcome message with logo sent to user 5789133679
2024-11-28 15:00:56.687 | INFO     | __main__:run:257 - Бот запущен
2024-11-28 15:02:41.229 | INFO     | __main__:run:378 - Бот запущен
2024-11-28 15:02:58.515 | INFO     | __main__:send_welcome:229 - Welcome message with logo sent to user 5789133679
2024-11-28 15:03:19.536 | INFO     | __main__:send_welcome:229 - Welcome message with logo sent to user 5789133679
2024-11-28 15:03:52.806 | INFO     | __main__:send_welcome:229 - Welcome message with logo sent to user 5789133679
2024-11-28 15:09:22.763 | INFO     | __main__:run:379 - Бот запущен
2024-11-28 15:09:40.374 | INFO     | __main__:send_welcome:230 - Welcome message with logo sent to user 5789133679
2024-11-28 15:10:37.756 | INFO     | __main__:send_welcome:230 - Welcome message with logo sent to user 5789133679
2024-11-28 15:11:14.341 | INFO     | __main__:send_welcome:230 - Welcome message with logo sent to user 5789133679
2024-11-28 15:11:31.980 | INFO     | __main__:send_welcome:230 - Welcome message with logo sent to user 5789133679
2024-11-28 15:13:39.613 | INFO     | __main__:run:377 - Бот запущен
2024-11-28 15:13:49.501 | INFO     | __main__:send_welcome:228 - Welcome message with logo sent to user 5789133679
2024-11-28 15:33:38.273 | INFO     | __main__:send_welcome:228 - Welcome message with logo sent to user 5789133679
2024-11-28 16:41:48.544 | INFO     | __main__:send_welcome:228 - Welcome message with logo sent to user 5789133679
2024-11-28 16:43:43.681 | INFO     | __main__:send_welcome:228 - Welcome message with logo sent to user 5789133679
2024-11-28 17:00:38.409 | INFO     | __main__:run:377 - Бот запущен
2024-11-28 17:43:00.663 | INFO     | __main__:send_welcome:228 - Welcome message with logo sent to user 5789133679
2024-12-20 13:39:53.892 | INFO     | __main__:run:377 - Бот запущен
2024-12-20 13:40:00.543 | INFO     | __main__:send_welcome:228 - Welcome message with logo sent to user 5789133679
2024-12-23 01:22:49.520 | INFO     | __main__:run:387 - Бот запущен
2024-12-23 01:23:00.567 | ERROR    | __main__:check_subscription:196 - API Error in check_subscription: A request to the Telegram API was unsuccessful. Error code: 400. Description: Bad Request: member list is inaccessible
2024-12-23 01:23:01.016 | INFO     | __main__:send_welcome:235 - Welcome message with logo sent to user 5789133679
2024-12-23 01:23:37.966 | ERROR    | __main__:check_subscription:196 - API Error in check_subscription: A request to the Telegram API was unsuccessful. Error code: 400. Description: Bad Request: member list is inaccessible
2024-12-23 01:23:38.216 | INFO     | __main__:send_welcome:235 - Welcome message with logo sent to user 531325055
2024-12-23 02:25:49.642 | INFO     | __main__:run:387 - Бот запущен
2024-12-23 02:26:02.991 | ERROR    | __main__:check_subscription:196 - API Error in check_subscription: A request to the Telegram API was unsuccessful. Error code: 400. Description: Bad Request: member list is inaccessible
2024-12-23 02:26:03.160 | INFO     | __main__:send_welcome:235 - Welcome message with logo sent to user 5789133679
2024-12-23 03:13:04.763 | INFO     | __main__:run:387 - Бот запущен
2024-12-23 03:14:35.735 | INFO     | __main__:run:387 - Бот запущен
2024-12-23 03:15:40.492 | INFO     | __main__:run:387 - Бот запущен
2024-12-23 03:15:49.522 | ERROR    | __main__:check_subscription:196 - API Error in check_subscription: A request to the Telegram API was unsuccessful. Error code: 400. Description: Bad Request: member list is inaccessible
2024-12-23 03:15:49.680 | INFO     | __main__:send_welcome:235 - Welcome message with logo sent to user 5789133679
2024-12-23 03:17:49.949 | INFO     | __main__:run:387 - Бот запущен
2024-12-23 03:18:04.584 | ERROR    | __main__:check_subscription:196 - API Error in check_subscription: A request to the Telegram API was unsuccessful. Error code: 400. Description: Bad Request: member list is inaccessible
2024-12-23 03:18:05.002 | INFO     | __main__:send_welcome:235 - Welcome message with logo sent to user 5789133679
2024-12-23 15:58:03.484 | INFO     | __main__:run:387 - Бот запущен
2024-12-23 15:58:20.936 | ERROR    | __main__:check_subscription:196 - API Error in check_subscription: A request to the Telegram API was unsuccessful. Error code: 400. Description: Bad Request: member list is inaccessible
2024-12-23 15:58:21.113 | INFO     | __main__:send_welcome:235 - Welcome message with logo sent to user 5789133679
2024-12-23 15:58:26.500 | ERROR    | __main__:check_subscription:196 - API Error in check_subscription: A request to the Telegram API was unsuccessful. Error code: 400. Description: Bad Request: member list is inaccessible
2024-12-23 15:58:36.169 | ERROR    | __main__:check_subscription:196 - API Error in check_subscription: A request to the Telegram API was unsuccessful. Error code: 400. Description: Bad Request: member list is inaccessible
2024-12-23 15:58:39.427 | ERROR    | __main__:check_subscription:196 - API Error in check_subscription: A request to the Telegram API was unsuccessful. Error code: 400. Description: Bad Request: member list is inaccessible
2024-12-23 15:58:44.650 | ERROR    | __main__:check_subscription:196 - API Error in check_subscription: A request to the Telegram API was unsuccessful. Error code: 400. Description: Bad Request: member list is inaccessible
2024-12-23 15:58:44.846 | INFO     | __main__:send_welcome:235 - Welcome message with logo sent to user 5789133679
2024-12-23 15:58:52.785 | ERROR    | __main__:check_subscription:196 - API Error in check_subscription: A request to the Telegram API was unsuccessful. Error code: 400. Description: Bad Request: member list is inaccessible
2024-12-23 15:58:53.122 | INFO     | __main__:send_welcome:235 - Welcome message with logo sent to user 5789133679
2024-12-23 15:58:58.484 | ERROR    | __main__:check_subscription:196 - API Error in check_subscription: A request to the Telegram API was unsuccessful. Error code: 400. Description: Bad Request: member list is inaccessible
2024-12-23 15:58:58.724 | INFO     | __main__:send_welcome:235 - Welcome message with logo sent to user 5789133679
2024-12-23 15:59:05.851 | ERROR    | __main__:check_subscription:196 - API Error in check_subscription: A request to the Telegram API was unsuccessful. Error code: 400. Description: Bad Request: member list is inaccessible
2024-12-23 15:59:06.029 | INFO     | __main__:send_welcome:235 - Welcome message with logo sent to user 5789133679
2024-12-23 16:02:15.626 | INFO     | __main__:run:387 - Бот запущен
2024-12-23 16:02:30.627 | ERROR    | __main__:check_subscription:196 - API Error in check_subscription: A request to the Telegram API was unsuccessful. Error code: 400. Description: Bad Request: member list is inaccessible
2024-12-23 16:02:30.823 | INFO     | __main__:send_welcome:235 - Welcome message with logo sent to user 5789133679
2024-12-23 16:02:37.066 | ERROR    | __main__:check_subscription:196 - API Error in check_subscription: A request to the Telegram API was unsuccessful. Error code: 400. Description: Bad Request: member list is inaccessible
2024-12-23 16:02:37.479 | INFO     | __main__:send_welcome:235 - Welcome message with logo sent to user 5789133679
2024-12-23 16:02:41.451 | ERROR    | __main__:check_subscription:196 - API Error in check_subscription: A request to the Telegram API was unsuccessful. Error code: 400. Description: Bad Request: member list is inaccessible
2024-12-23 16:02:41.596 | INFO     | __main__:send_welcome:235 - Welcome message with logo sent to user 5789133679
2024-12-23 16:02:50.661 | ERROR    | __main__:check_subscription:196 - API Error in check_subscription: A request to the Telegram API was unsuccessful. Error code: 400. Description: Bad Request: member list is inaccessible
2024-12-23 16:02:50.853 | INFO     | __main__:send_welcome:235 - Welcome message with logo sent to user 5789133679
2024-12-23 16:07:24.701 | INFO     | __main__:run:386 - Бот запущен
2024-12-23 16:07:42.248 | ERROR    | __main__:check_subscription:196 - API Error in check_subscription: A request to the Telegram API was unsuccessful. Error code: 400. Description: Bad Request: member list is inaccessible
2024-12-23 16:07:42.538 | INFO     | __main__:send_welcome:235 - Welcome message with logo sent to user 5789133679
2024-12-23 16:07:47.800 | ERROR    | __main__:check_subscription:196 - API Error in check_subscription: A request to the Telegram API was unsuccessful. Error code: 400. Description: Bad Request: member list is inaccessible
2024-12-23 16:07:48.070 | INFO     | __main__:send_welcome:235 - Welcome message with logo sent to user 5789133679
2024-12-23 16:08:00.045 | ERROR    | __main__:check_subscription:196 - API Error in check_subscription: A request to the Telegram API was unsuccessful. Error code: 400. Description: Bad Request: member list is inaccessible
2024-12-23 16:08:00.199 | INFO     | __main__:send_welcome:235 - Welcome message with logo sent to user 5789133679
2024-12-23 16:08:08.282 | ERROR    | __main__:check_subscription:196 - API Error in check_subscription: A request to the Telegram API was unsuccessful. Error code: 400. Description: Bad Request: member list is inaccessible
2024-12-23 16:08:08.443 | INFO     | __main__:send_welcome:235 - Welcome message with logo sent to user 5789133679
2024-12-23 16:10:45.109 | INFO     | __main__:run:386 - Бот запущен
2024-12-23 16:10:57.757 | ERROR    | __main__:check_subscription:196 - API Error in check_subscription: A request to the Telegram API was unsuccessful. Error code: 400. Description: Bad Request: member list is inaccessible
2024-12-23 16:10:58.068 | INFO     | __main__:send_welcome:235 - Welcome message with logo sent to user 5789133679
2024-12-23 16:11:06.103 | ERROR    | __main__:check_subscription:196 - API Error in check_subscription: A request to the Telegram API was unsuccessful. Error code: 400. Description: Bad Request: member list is inaccessible
2024-12-23 16:11:06.266 | INFO     | __main__:send_welcome:235 - Welcome message with logo sent to user 5789133679
2024-12-23 16:11:10.755 | ERROR    | __main__:check_subscription:196 - API Error in check_subscription: A request to the Telegram API was unsuccessful. Error code: 400. Description: Bad Request: member list is inaccessible
2024-12-23 16:11:10.914 | INFO     | __main__:send_welcome:235 - Welcome message with logo sent to user 5789133679
2024-12-28 12:40:30.977 | INFO     | __main__:run:386 - Бот запущен
2024-12-28 12:41:11.009 | ERROR    | __main__:check_subscription:196 - API Error in check_subscription: A request to the Telegram API was unsuccessful. Error code: 400. Description: Bad Request: member list is inaccessible
2024-12-28 12:41:11.405 | INFO     | __main__:send_welcome:235 - Welcome message with logo sent to user 5789133679
2024-12-28 12:43:30.904 | INFO     | __main__:run:386 - Бот запущен
2024-12-28 12:43:44.421 | ERROR    | __main__:check_subscription:196 - API Error in check_subscription: A request to the Telegram API was unsuccessful. Error code: 400. Description: Bad Request: member list is inaccessible
2024-12-28 12:43:44.672 | INFO     | __main__:send_welcome:235 - Welcome message with logo sent to user 5789133679
2024-12-28 12:50:55.547 | INFO     | __main__:run:386 - Бот запущен
2024-12-28 12:51:06.988 | ERROR    | __main__:check_subscription:196 - API Error in check_subscription: A request to the Telegram API was unsuccessful. Error code: 400. Description: Bad Request: member list is inaccessible
2024-12-28 12:51:07.253 | INFO     | __main__:send_welcome:235 - Welcome message with logo sent to user 5789133679
2024-12-28 13:07:08.732 | INFO     | __main__:run:386 - Бот запущен
2024-12-28 13:07:25.428 | ERROR    | __main__:check_subscription:196 - API Error in check_subscription: A request to the Telegram API was unsuccessful. Error code: 400. Description: Bad Request: member list is inaccessible
2024-12-28 13:07:25.789 | INFO     | __main__:send_welcome:235 - Welcome message with logo sent to user 5789133679
2024-12-28 13:16:02.530 | ERROR    | __main__:check_subscription:196 - API Error in check_subscription: A request to the Telegram API was unsuccessful. Error code: 400. Description: Bad Request: member list is inaccessible
2024-12-28 13:16:02.943 | INFO     | __main__:send_welcome:235 - Welcome message with logo sent to user 5789133679
2024-12-29 15:39:41.874 | INFO     | __main__:run:386 - Бот запущен
2024-12-29 15:40:08.623 | ERROR    | __main__:check_subscription:196 - API Error in check_subscription: A request to the Telegram API was unsuccessful. Error code: 400. Description: Bad Request: member list is inaccessible
2024-12-29 15:40:09.042 | INFO     | __main__:send_welcome:235 - Welcome message with logo sent to user 5789133679
2024-12-29 15:49:17.834 | INFO     | __main__:run:394 - Бот запущен
2024-12-29 15:49:27.681 | ERROR    | __main__:check_subscription:204 - API Error in check_subscription: A request to the Telegram API was unsuccessful. Error code: 400. Description: Bad Request: member list is inaccessible
2024-12-29 15:49:28.043 | INFO     | __main__:send_welcome:243 - Welcome message with logo sent to user 5789133679
2024-12-29 15:53:39.049 | ERROR    | __main__:check_subscription:204 - API Error in check_subscription: A request to the Telegram API was unsuccessful. Error code: 400. Description: Bad Request: member list is inaccessible
2024-12-29 15:53:39.478 | INFO     | __main__:send_welcome:243 - Welcome message with logo sent to user 5789133679
2024-12-29 15:55:42.702 | INFO     | __main__:run:394 - Бот запущен
2024-12-29 15:55:52.126 | ERROR    | __main__:check_subscription:204 - API Error in check_subscription: A request to the Telegram API was unsuccessful. Error code: 400. Description: Bad Request: member list is inaccessible
2024-12-29 15:55:52.495 | INFO     | __main__:send_welcome:243 - Welcome message with logo sent to user 5789133679
2024-12-29 16:02:06.504 | INFO     | __main__:run:396 - Бот запущен
2024-12-29 16:02:17.599 | INFO     | __main__:create_main_keyboard:162 - Created URL: https://blogy.uz/index.php?chat_id=5789133679&user_id=5789133679&username=Sanjar_3210
2024-12-29 16:02:18.115 | ERROR    | __main__:check_subscription:206 - API Error in check_subscription: A request to the Telegram API was unsuccessful. Error code: 400. Description: Bad Request: member list is inaccessible
2024-12-29 16:02:18.995 | INFO     | __main__:send_welcome:245 - Welcome message with logo sent to user 5789133679
2024-12-29 16:11:42.222 | INFO     | __main__:run:396 - Бот запущен
2024-12-29 16:12:01.212 | INFO     | __main__:create_main_keyboard:162 - Created URL: https://blogy.uz/index.php?chat_id=5789133679&user_id=5789133679&username=Sanjar_3210
2024-12-29 16:12:01.702 | ERROR    | __main__:check_subscription:206 - API Error in check_subscription: A request to the Telegram API was unsuccessful. Error code: 400. Description: Bad Request: member list is inaccessible
2024-12-29 16:12:02.138 | INFO     | __main__:send_welcome:245 - Welcome message with logo sent to user 5789133679
